<?xml version="1.0" encoding="UTF-8"?>
<!-- Generated by org.testng.reporters.JUnitReportReporter -->
<testsuite hostname="Serendipity" failures="0" tests="7" name="com.crm.qa.testcases.HomeDashBoardTest" time="2.420" errors="0" timestamp="07 Mar 2024 12:16:22 GMT" skipped="0">
  <testcase classname="com.crm.qa.testcases.HomeDashBoardTest" name="VerifyTitle" time="0.694"/>
  <testcase classname="com.crm.qa.testcases.HomeDashBoardTest" name="VerifyHomeBtn" time="0.132"/>
  <testcase classname="com.crm.qa.testcases.HomeDashBoardTest" name="VerifycustLoginBtn" time="0.098"/>
  <testcase classname="com.crm.qa.testcases.HomeDashBoardTest" name="VerifybankManagerLoginBtn" time="0.070"/>
  <testcase classname="com.crm.qa.testcases.HomeDashBoardTest" name="VerifyHomeBtnFunctionality" time="0.285"/>
  <testcase classname="com.crm.qa.testcases.HomeDashBoardTest" name="VerifycustLoginBtnFunctionality" time="0.569"/>
  <testcase classname="com.crm.qa.testcases.HomeDashBoardTest" name="VerifybankManagerLoginBtnFunctionality" time="0.572"/>
</testsuite> <!-- com.crm.qa.testcases.HomeDashBoardTest -->
