<?xml version="1.0" encoding="UTF-8"?>
<!-- Generated by org.testng.reporters.JUnitReportReporter -->
<testsuite hostname="Serendipity" failures="0" tests="8" name="com.crm.qa.testcases.HomeDashBoardTest" time="4.466" errors="0" timestamp="07 Mar 2024 14:45:50 GMT" skipped="0">
  <testcase classname="com.crm.qa.testcases.HomeDashBoardTest" name="VerifyTitle" time="0.663"/>
  <testcase classname="com.crm.qa.testcases.HomeDashBoardTest" name="VerifyHomeBtn" time="0.101"/>
  <testcase classname="com.crm.qa.testcases.HomeDashBoardTest" name="VerifycustLoginBtn" time="0.071"/>
  <testcase classname="com.crm.qa.testcases.HomeDashBoardTest" name="VerifybankManagerLoginBtn" time="0.051"/>
  <testcase classname="com.crm.qa.testcases.HomeDashBoardTest" name="VerifyHomeBtnFunctionality" time="0.206"/>
  <testcase classname="com.crm.qa.testcases.HomeDashBoardTest" name="VerifycustLoginBtnFunctionality" time="0.537"/>
  <testcase classname="com.crm.qa.testcases.HomeDashBoardTest" name="VerifybankManagerLoginBtnFunctionality" time="0.507"/>
  <testcase classname="com.crm.qa.testcases.HomeDashBoardTest" name="VerifyNonAccountCustomersFunctionality" time="2.330"/>
</testsuite> <!-- com.crm.qa.testcases.HomeDashBoardTest -->
