<?xml version="1.0" encoding="UTF-8"?>
<!-- Generated by org.testng.reporters.JUnitReportReporter -->
<testsuite hostname="Serendipity" failures="0" tests="16" name="com.crm.qa.testcases.HomeDashBoardTest" time="12.439" errors="0" timestamp="08 Mar 2024 09:19:37 GMT" skipped="0">
  <testcase classname="com.crm.qa.testcases.HomeDashBoardTest" name="VerifyTitle" time="0.795"/>
  <testcase classname="com.crm.qa.testcases.HomeDashBoardTest" name="VerifyTitle" time="1.033"/>
  <testcase classname="com.crm.qa.testcases.HomeDashBoardTest" name="VerifyHomeBtn" time="0.145"/>
  <testcase classname="com.crm.qa.testcases.HomeDashBoardTest" name="VerifyHomeBtn" time="0.077"/>
  <testcase classname="com.crm.qa.testcases.HomeDashBoardTest" name="VerifycustLoginBtn" time="0.100"/>
  <testcase classname="com.crm.qa.testcases.HomeDashBoardTest" name="VerifycustLoginBtn" time="0.048"/>
  <testcase classname="com.crm.qa.testcases.HomeDashBoardTest" name="VerifybankManagerLoginBtn" time="0.081"/>
  <testcase classname="com.crm.qa.testcases.HomeDashBoardTest" name="VerifybankManagerLoginBtn" time="0.060"/>
  <testcase classname="com.crm.qa.testcases.HomeDashBoardTest" name="VerifyHomeBtnFunctionality" time="0.429"/>
  <testcase classname="com.crm.qa.testcases.HomeDashBoardTest" name="VerifyHomeBtnFunctionality" time="0.319"/>
  <testcase classname="com.crm.qa.testcases.HomeDashBoardTest" name="VerifycustLoginBtnFunctionality" time="0.638"/>
  <testcase classname="com.crm.qa.testcases.HomeDashBoardTest" name="VerifycustLoginBtnFunctionality" time="0.604"/>
  <testcase classname="com.crm.qa.testcases.HomeDashBoardTest" name="VerifybankManagerLoginBtnFunctionality" time="0.649"/>
  <testcase classname="com.crm.qa.testcases.HomeDashBoardTest" name="VerifybankManagerLoginBtnFunctionality" time="0.567"/>
  <testcase classname="com.crm.qa.testcases.HomeDashBoardTest" name="VerifyNonAccountCustomersFunctionality" time="3.747"/>
  <testcase classname="com.crm.qa.testcases.HomeDashBoardTest" name="VerifyNonAccountCustomersFunctionality" time="3.147"/>
</testsuite> <!-- com.crm.qa.testcases.HomeDashBoardTest -->
